<?xml version="1.0" encoding="UTF-8"?>
<!-- Generated by org.testng.reporters.JUnitXMLReporter -->
<testsuite ignored="0" hostname="Farukh" failures="0" tests="4" name="Default test" time="6.555" errors="0" timestamp="2024-11-28T17:11:47 EST">
  <testcase classname="class42.OrangeHRMTest" name="openApp" time="2.41"/>
  <testcase classname="class42.OrangeHRMTest" name="testLogo" time="3.043"/>
  <testcase classname="class42.OrangeHRMTest" name="testLogin" time="0.861"/>
  <testcase classname="class42.OrangeHRMTest" name="closeApp" time="0.197"/>
</testsuite> <!-- Default test -->
