<?xml version="1.0" encoding="UTF-8"?>
<!-- Generated by org.testng.reporters.JUnitXMLReporter -->
<testsuite ignored="0" hostname="Farukh" failures="0" tests="3" name="chromeTest" time="5.597" errors="0" timestamp="2024-11-30T22:59:29 EST">
  <testcase classname="class45.ParamTestDemo" name="testLogo" time="0.04"/>
  <testcase classname="class45.ParamTestDemo" name="testTitle" time="0.02"/>
  <testcase classname="class45.ParamTestDemo" name="testURL" time="0.01"/>
</testsuite> <!-- chromeTest -->
