<?xml version="1.0" encoding="UTF-8"?>
<!-- Generated by org.testng.reporters.JUnitXMLReporter -->
<testsuite ignored="0" hostname="Farukh" failures="0" tests="3" name="edgeTest" time="6.736" errors="0" timestamp="2024-11-30T22:59:30 EST">
  <testcase classname="class45.ParamTestDemo" name="testLogo" time="0.038"/>
  <testcase classname="class45.ParamTestDemo" name="testTitle" time="0.011"/>
  <testcase classname="class45.ParamTestDemo" name="testURL" time="0.01"/>
</testsuite> <!-- edgeTest -->
