<?xml version="1.0" encoding="UTF-8"?>
<!-- Generated by org.testng.reporters.JUnitXMLReporter -->
<testsuite ignored="0" hostname="Farukh" failures="0" tests="3" name="firefoxTest" time="8.176" errors="0" timestamp="2024-11-30T22:59:32 EST">
  <testcase classname="class45.ParamTestDemo" name="testLogo" time="0.029"/>
  <testcase classname="class45.ParamTestDemo" name="testTitle" time="0.005"/>
  <testcase classname="class45.ParamTestDemo" name="testURL" time="0.005"/>
</testsuite> <!-- firefoxTest -->
