<?xml version="1.0" encoding="UTF-8"?>
<!-- Generated by org.testng.reporters.JUnitXMLReporter -->
<testsuite ignored="0" hostname="Farukh" failures="0" tests="10" name="Test" time="6.439" errors="0" timestamp="2024-11-28T17:15:02 EST">
  <testcase classname="class42.FirstTestCase" name="login" time="0.011"/>
  <testcase classname="class42.FirstTestCase" name="logout" time="0.001"/>
  <testcase classname="class42.FirstTestCase" name="openapp" time="0.001"/>
  <testcase classname="class42.OrangeHRMTest" name="openApp" time="2.09"/>
  <testcase classname="class42.OrangeHRMTest" name="testLogo" time="3.052"/>
  <testcase classname="class42.OrangeHRMTest" name="testLogin" time="1.026"/>
  <testcase classname="class42.OrangeHRMTest" name="closeApp" time="0.203"/>
  <testcase classname="class42.FirstTestCasePriority" name="openapp" time="0.0"/>
  <testcase classname="class42.FirstTestCasePriority" name="login" time="0.001"/>
  <testcase classname="class42.FirstTestCasePriority" name="logout" time="0.002"/>
</testsuite> <!-- Test -->
