<?xml version="1.0" encoding="UTF-8"?>
<!-- Generated by org.testng.reporters.JUnitXMLReporter -->
<testsuite ignored="3" hostname="Farukh" failures="0" tests="5" name="groupingtest" time="0.053" errors="0" timestamp="2024-11-29T19:36:42 EST">
  <testcase classname="class44.SignUpTest" name="signUpByEmail" time="0.014"/>
  <testcase classname="class44.SignUpTest" name="signUpByFacebook" time="0.001"/>
  <testcase classname="class44.SignUpTest" name="signUpByX" time="0.002"/>
  <testcase classname="class44.PaymentTests" name="paymentInRupees" time="0.0"/>
  <testcase classname="class44.PaymentTests" name="paymentInDollars" time="0.001"/>
  <testcase classname="class44.LoginTests" name="loginByEmail" time="0.0">
    <ignored/>
  </testcase> <!-- loginByEmail -->
  <testcase classname="class44.LoginTests" name="loginByFacebook" time="0.0">
    <ignored/>
  </testcase> <!-- loginByFacebook -->
  <testcase classname="class44.LoginTests" name="loginByX" time="0.0">
    <ignored/>
  </testcase> <!-- loginByX -->
</testsuite> <!-- groupingtest -->
