<?xml version="1.0" encoding="UTF-8"?>
<testng-results ignored="0" total="1" passed="1" failed="0" skipped="0">
  <reporter-output>
  </reporter-output>
  <suite started-at="2024-12-03T16:08:17 EST" name="Suite" finished-at="2024-12-03T16:08:21 EST" duration-ms="3786">
    <groups>
    </groups>
    <test started-at="2024-12-03T16:08:17 EST" name="Test" finished-at="2024-12-03T16:08:21 EST" duration-ms="3786">
      <class name="class47.LoginTest">
        <test-method is-config="true" signature="setup()[pri:0, instance:class47.LoginTest@57a3af25]" started-at="2024-12-03T16:08:17 EST" name="setup" finished-at="2024-12-03T16:08:19 EST" duration-ms="2559" status="PASS">
          <reporter-output>
          </reporter-output>
        </test-method> <!-- setup -->
        <test-method signature="testLogin()[pri:0, instance:class47.LoginTest@57a3af25]" started-at="2024-12-03T16:08:19 EST" name="testLogin" finished-at="2024-12-03T16:08:20 EST" duration-ms="1066" status="PASS">
          <reporter-output>
          </reporter-output>
        </test-method> <!-- testLogin -->
        <test-method is-config="true" signature="tearDown()[pri:0, instance:class47.LoginTest@57a3af25]" started-at="2024-12-03T16:08:20 EST" name="tearDown" finished-at="2024-12-03T16:08:21 EST" duration-ms="136" status="PASS">
          <reporter-output>
          </reporter-output>
        </test-method> <!-- tearDown -->
      </class> <!-- class47.LoginTest -->
    </test> <!-- Test -->
  </suite> <!-- Suite -->
</testng-results>
